2022-03-05 11:52:23,623 - INFO - (VerifyLinks.java:22) - com.navigation_TestCase.NavigationTestCase - Perfect 200 and message *--*OK
2022-03-05 11:52:27,176 - INFO - (FileUpload_Validation.java:75) - Test Info: - URL Hit
2022-03-05 12:24:44,846 - INFO - (VerifyLinks.java:22) - com.navigation_TestCase.NavigationTestCase - Perfect 200 and message *--*OK
2022-03-05 12:24:46,745 - INFO - (FileUpload_Validation.java:76) - Test Info: - URL Hit
2022-03-05 12:29:47,394 - INFO - (VerifyLinks.java:22) - com.navigation_TestCase.NavigationTestCase - Perfect 200 and message *--*OK
2022-03-05 12:29:49,264 - INFO - (FileUpload_Validation.java:76) - Test Info: - URL Hit
2022-03-05 12:43:52,843 - INFO - (VerifyLinks.java:22) - com.navigation_TestCase.NavigationTestCase - Perfect 200 and message *--*OK
2022-03-05 12:43:55,251 - INFO - (FileUpload_Validation.java:76) - Test Info: - URL Hit
2022-03-05 12:51:30,688 - INFO - (VerifyLinks.java:22) - com.navigation_TestCase.NavigationTestCase - Perfect 200 and message *--*OK
2022-03-05 12:51:32,380 - INFO - (FileUpload_Validation.java:76) - Test Info: - URL Hit
2022-03-05 12:52:40,744 - INFO - (VerifyLinks.java:22) - com.navigation_TestCase.NavigationTestCase - Perfect 200 and message *--*OK
2022-03-05 12:52:42,403 - INFO - (FileUpload_Validation.java:76) - Test Info: - URL Hit
2022-03-05 12:59:38,359 - INFO - (VerifyLinks.java:22) - com.navigation_TestCase.NavigationTestCase - Perfect 200 and message *--*OK
2022-03-05 12:59:40,240 - INFO - (FileUpload_Validation.java:76) - Test Info: - URL Hit
2022-03-05 13:06:03,875 - INFO - (VerifyLinks.java:22) - com.navigation_TestCase.NavigationTestCase - Perfect 200 and message *--*OK
2022-03-05 13:06:05,593 - INFO - (FileUpload_Validation.java:76) - Test Info: - URL Hit
2022-03-05 13:18:41,540 - INFO - (VerifyLinks.java:22) - com.navigation_TestCase.NavigationTestCase - Perfect 200 and message *--*OK
2022-03-05 13:18:43,600 - INFO - (FileUpload_Validation.java:76) - Test Info: - URL Hit
2022-03-05 13:19:59,091 - INFO - (VerifyLinks.java:22) - com.navigation_TestCase.NavigationTestCase - Perfect 200 and message *--*OK
2022-03-05 13:20:00,840 - INFO - (FileUpload_Validation.java:76) - Test Info: - URL Hit
2022-03-05 13:45:24,473 - INFO - (VerifyLinks.java:22) - com.navigation_TestCase.NavigationTestCase - Perfect 200 and message *--*OK
2022-03-05 13:46:30,775 - INFO - (VerifyLinks.java:22) - com.navigation_TestCase.NavigationTestCase - Perfect 200 and message *--*OK
2022-03-05 13:46:32,853 - INFO - (FileUpload_Validation.java:78) - Test Info: - URL Hit
2022-03-05 13:47:33,856 - INFO - (VerifyLinks.java:22) - com.navigation_TestCase.NavigationTestCase - Perfect 200 and message *--*OK
2022-03-05 13:47:35,645 - INFO - (FileUpload_Validation.java:78) - Test Info: - URL Hit
2022-03-05 13:48:33,575 - INFO - (VerifyLinks.java:22) - com.navigation_TestCase.NavigationTestCase - Perfect 200 and message *--*OK
2022-03-05 13:48:35,459 - INFO - (FileUpload_Validation.java:78) - Test Info: - URL Hit
2022-03-05 13:56:05,682 - INFO - (VerifyLinks.java:22) - com.navigation_TestCase.NavigationTestCase - Perfect 200 and message *--*OK
2022-03-05 13:56:07,404 - INFO - (FileUpload_Validation.java:78) - Test Info: - URL Hit
2022-03-05 13:59:05,187 - INFO - (VerifyLinks.java:22) - com.navigation_TestCase.NavigationTestCase - Perfect 200 and message *--*OK
2022-03-05 13:59:06,830 - INFO - (FileUpload_Validation.java:78) - Test Info: - URL Hit
2022-03-05 14:00:35,425 - INFO - (VerifyLinks.java:22) - com.navigation_TestCase.NavigationTestCase - Perfect 200 and message *--*OK
2022-03-05 14:00:37,121 - INFO - (FileUpload_Validation.java:78) - Test Info: - URL Hit
2022-03-05 14:14:07,930 - INFO - (VerifyLinks.java:22) - com.navigation_TestCase.NavigationTestCase - Perfect 200 and message *--*OK
2022-03-05 14:14:10,063 - INFO - (FileUpload_Validation.java:79) - Test Info: - URL Hit
2022-03-05 14:18:55,857 - INFO - (VerifyLinks.java:22) - com.navigation_TestCase.NavigationTestCase - Perfect 200 and message *--*OK
2022-03-05 14:18:57,577 - INFO - (FileUpload_Validation.java:79) - Test Info: - URL Hit
2022-03-05 14:19:27,118 - INFO - (VerifyLinks.java:22) - com.navigation_TestCase.NavigationTestCase - Perfect 200 and message *--*OK
2022-03-05 14:19:28,848 - INFO - (FileUpload_Validation.java:79) - Test Info: - URL Hit
2022-03-05 14:20:50,256 - INFO - (VerifyLinks.java:22) - com.navigation_TestCase.NavigationTestCase - Perfect 200 and message *--*OK
2022-03-05 14:20:51,954 - INFO - (FileUpload_Validation.java:79) - Test Info: - URL Hit
2022-03-05 14:23:19,497 - INFO - (VerifyLinks.java:22) - com.navigation_TestCase.NavigationTestCase - Perfect 200 and message *--*OK
2022-03-05 14:23:21,174 - INFO - (FileUpload_Validation.java:79) - Test Info: - URL Hit
2022-03-05 14:46:17,941 - INFO - (VerifyLinks.java:22) - com.navigation_TestCase.NavigationTestCase - Perfect 200 and message *--*OK
2022-03-05 14:46:19,929 - INFO - (FileUpload_Validation.java:80) - Test Info: - URL Hit
2022-03-05 14:47:00,576 - INFO - (VerifyLinks.java:22) - com.navigation_TestCase.NavigationTestCase - Perfect 200 and message *--*OK
2022-03-05 14:47:02,564 - INFO - (FileUpload_Validation.java:80) - Test Info: - URL Hit
2022-03-05 14:48:12,893 - INFO - (VerifyLinks.java:22) - com.navigation_TestCase.NavigationTestCase - Perfect 200 and message *--*OK
2022-03-05 14:48:14,606 - INFO - (FileUpload_Validation.java:80) - Test Info: - URL Hit
2022-03-05 14:50:33,546 - INFO - (VerifyLinks.java:22) - com.navigation_TestCase.NavigationTestCase - Perfect 200 and message *--*OK
2022-03-05 14:50:35,162 - INFO - (FileUpload_Validation.java:80) - Test Info: - URL Hit
2022-03-05 15:01:48,862 - INFO - (VerifyLinks.java:22) - com.navigation_TestCase.NavigationTestCase - Perfect 200 and message *--*OK
2022-03-05 15:01:50,791 - INFO - (FileUpload_Validation.java:80) - Test Info: - URL Hit
2022-03-05 15:03:37,568 - INFO - (VerifyLinks.java:22) - com.navigation_TestCase.NavigationTestCase - Perfect 200 and message *--*OK
2022-03-05 15:03:40,980 - INFO - (FileUpload_Validation.java:80) - Test Info: - URL Hit
2022-03-05 15:04:32,408 - INFO - (VerifyLinks.java:22) - com.navigation_TestCase.NavigationTestCase - Perfect 200 and message *--*OK
2022-03-05 15:04:34,666 - INFO - (FileUpload_Validation.java:80) - Test Info: - URL Hit
2022-03-05 15:06:34,655 - INFO - (VerifyLinks.java:22) - com.navigation_TestCase.NavigationTestCase - Perfect 200 and message *--*OK
2022-03-05 15:06:36,519 - INFO - (FileUpload_Validation.java:80) - Test Info: - URL Hit
2022-03-05 15:09:34,063 - INFO - (VerifyLinks.java:22) - com.navigation_TestCase.NavigationTestCase - Perfect 200 and message *--*OK
2022-03-05 15:09:36,115 - INFO - (FileUpload_Validation.java:80) - Test Info: - URL Hit
2022-03-05 15:11:56,248 - INFO - (VerifyLinks.java:22) - com.navigation_TestCase.NavigationTestCase - Perfect 200 and message *--*OK
2022-03-05 15:11:58,025 - INFO - (FileUpload_Validation.java:80) - Test Info: - URL Hit
2022-03-05 15:13:34,224 - INFO - (VerifyLinks.java:22) - com.navigation_TestCase.NavigationTestCase - Perfect 200 and message *--*OK
2022-03-05 15:13:36,055 - INFO - (FileUpload_Validation.java:80) - Test Info: - URL Hit
2022-03-05 15:15:06,957 - INFO - (VerifyLinks.java:22) - com.navigation_TestCase.NavigationTestCase - Perfect 200 and message *--*OK
2022-03-05 15:15:08,762 - INFO - (FileUpload_Validation.java:80) - Test Info: - URL Hit
2022-03-05 15:18:22,950 - INFO - (VerifyLinks.java:22) - com.navigation_TestCase.NavigationTestCase - Perfect 200 and message *--*OK
2022-03-05 15:18:24,768 - INFO - (FileUpload_Validation.java:80) - Test Info: - URL Hit
2022-03-05 15:36:36,832 - INFO - (VerifyLinks.java:22) - com.navigation_TestCase.NavigationTestCase - Perfect 200 and message *--*OK
2022-03-05 15:36:38,852 - INFO - (FileUpload_Validation.java:80) - Test Info: - URL Hit
2022-03-05 15:40:55,078 - INFO - (VerifyLinks.java:22) - com.navigation_TestCase.NavigationTestCase - Perfect 200 and message *--*OK
2022-03-05 15:40:57,130 - INFO - (FileUpload_Validation.java:80) - Test Info: - URL Hit
2022-03-05 16:11:11,938 - INFO - (VerifyLinks.java:22) - com.navigation_TestCase.NavigationTestCase - Perfect 200 and message *--*OK
2022-03-05 16:11:14,232 - INFO - (FileUpload_Validation.java:82) - Test Info: - URL Hit
2022-03-05 16:12:35,386 - INFO - (VerifyLinks.java:22) - com.navigation_TestCase.NavigationTestCase - Perfect 200 and message *--*OK
2022-03-05 16:12:37,029 - INFO - (FileUpload_Validation.java:82) - Test Info: - URL Hit
2022-03-05 16:15:44,835 - INFO - (VerifyLinks.java:22) - com.navigation_TestCase.NavigationTestCase - Perfect 200 and message *--*OK
2022-03-05 16:15:46,211 - INFO - (FileUpload_Validation.java:82) - Test Info: - URL Hit
2022-03-05 16:19:22,845 - INFO - (VerifyLinks.java:22) - com.navigation_TestCase.NavigationTestCase - Perfect 200 and message *--*OK
2022-03-05 16:19:24,551 - INFO - (FileUpload_Validation.java:82) - Test Info: - URL Hit
2022-03-05 16:21:04,671 - INFO - (VerifyLinks.java:22) - com.navigation_TestCase.NavigationTestCase - Perfect 200 and message *--*OK
2022-03-05 16:21:06,133 - INFO - (FileUpload_Validation.java:82) - Test Info: - URL Hit
2022-03-05 16:22:18,269 - INFO - (VerifyLinks.java:22) - com.navigation_TestCase.NavigationTestCase - Perfect 200 and message *--*OK
2022-03-05 16:22:19,950 - INFO - (FileUpload_Validation.java:82) - Test Info: - URL Hit
2022-03-05 16:23:14,576 - INFO - (VerifyLinks.java:22) - com.navigation_TestCase.NavigationTestCase - Perfect 200 and message *--*OK
2022-03-05 16:23:16,553 - INFO - (FileUpload_Validation.java:82) - Test Info: - URL Hit
2022-03-05 16:24:21,280 - INFO - (VerifyLinks.java:22) - com.navigation_TestCase.NavigationTestCase - Perfect 200 and message *--*OK
2022-03-05 16:24:22,918 - INFO - (FileUpload_Validation.java:82) - Test Info: - URL Hit
2022-03-05 16:26:25,808 - INFO - (VerifyLinks.java:22) - com.navigation_TestCase.NavigationTestCase - Perfect 200 and message *--*OK
2022-03-05 16:26:27,395 - INFO - (FileUpload_Validation.java:82) - Test Info: - URL Hit
2022-03-05 16:28:22,050 - INFO - (VerifyLinks.java:22) - com.navigation_TestCase.NavigationTestCase - Perfect 200 and message *--*OK
2022-03-05 16:28:23,754 - INFO - (FileUpload_Validation.java:82) - Test Info: - URL Hit
2022-03-05 16:33:00,661 - INFO - (VerifyLinks.java:22) - com.navigation_TestCase.NavigationTestCase - Perfect 200 and message *--*OK
2022-03-05 16:33:02,680 - INFO - (FileUpload_Validation.java:82) - Test Info: - URL Hit
2022-03-05 16:38:49,871 - INFO - (VerifyLinks.java:22) - com.navigation_TestCase.NavigationTestCase - Perfect 200 and message *--*OK
2022-03-05 16:38:51,582 - INFO - (FileUpload_Validation.java:82) - Test Info: - URL Hit
2022-03-05 17:06:46,801 - INFO - (VerifyLinks.java:22) - com.navigation_TestCase.NavigationTestCase - Perfect 200 and message *--*OK
2022-03-05 17:06:48,554 - INFO - (FileUpload_Validation.java:83) - Test Info: - URL Hit
2022-03-05 17:12:25,925 - INFO - (VerifyLinks.java:22) - com.navigation_TestCase.NavigationTestCase - Perfect 200 and message *--*OK
2022-03-05 17:12:27,368 - INFO - (FileUpload_Validation.java:83) - Test Info: - URL Hit
2022-03-05 17:25:20,730 - INFO - (VerifyLinks.java:22) - com.navigation_TestCase.NavigationTestCase - Perfect 200 and message *--*OK
2022-03-05 17:25:22,760 - INFO - (FileUpload_Validation.java:83) - Test Info: - URL Hit
2022-03-05 17:27:57,772 - INFO - (VerifyLinks.java:22) - com.navigation_TestCase.NavigationTestCase - Perfect 200 and message *--*OK
2022-03-05 17:27:59,436 - INFO - (FileUpload_Validation.java:83) - Test Info: - URL Hit
2022-03-05 17:29:38,429 - INFO - (VerifyLinks.java:22) - com.navigation_TestCase.NavigationTestCase - Perfect 200 and message *--*OK
2022-03-05 17:29:40,142 - INFO - (FileUpload_Validation.java:83) - Test Info: - URL Hit
2022-03-05 17:45:29,201 - INFO - (VerifyLinks.java:22) - com.navigation_TestCase.NavigationTestCase - Perfect 200 and message *--*OK
2022-03-05 17:45:30,946 - INFO - (FileUpload_Validation.java:83) - Test Info: - URL Hit
2022-03-05 17:48:30,593 - INFO - (VerifyLinks.java:22) - com.navigation_TestCase.NavigationTestCase - Perfect 200 and message *--*OK
2022-03-05 17:48:32,301 - INFO - (FileUpload_Validation.java:83) - Test Info: - URL Hit
2022-03-05 17:52:34,140 - INFO - (VerifyLinks.java:22) - com.navigation_TestCase.NavigationTestCase - Perfect 200 and message *--*OK
2022-03-05 17:52:35,830 - INFO - (FileUpload_Validation.java:83) - Test Info: - URL Hit
2022-03-05 17:54:45,528 - INFO - (VerifyLinks.java:22) - com.navigation_TestCase.NavigationTestCase - Perfect 200 and message *--*OK
2022-03-05 17:54:47,220 - INFO - (FileUpload_Validation.java:83) - Test Info: - URL Hit
2022-03-05 17:56:50,037 - INFO - (VerifyLinks.java:22) - com.navigation_TestCase.NavigationTestCase - Perfect 200 and message *--*OK
2022-03-05 17:56:51,699 - INFO - (FileUpload_Validation.java:83) - Test Info: - URL Hit
2022-03-05 17:59:14,192 - INFO - (VerifyLinks.java:22) - com.navigation_TestCase.NavigationTestCase - Perfect 200 and message *--*OK
2022-03-05 17:59:15,843 - INFO - (FileUpload_Validation.java:83) - Test Info: - URL Hit
2022-03-05 18:00:36,388 - INFO - (VerifyLinks.java:22) - com.navigation_TestCase.NavigationTestCase - Perfect 200 and message *--*OK
2022-03-05 18:00:38,101 - INFO - (FileUpload_Validation.java:83) - Test Info: - URL Hit
2022-03-05 18:02:25,742 - INFO - (VerifyLinks.java:22) - com.navigation_TestCase.NavigationTestCase - Perfect 200 and message *--*OK
2022-03-05 18:02:27,422 - INFO - (FileUpload_Validation.java:83) - Test Info: - URL Hit
2022-03-05 18:03:11,716 - INFO - (VerifyLinks.java:22) - com.navigation_TestCase.NavigationTestCase - Perfect 200 and message *--*OK
2022-03-05 18:03:13,657 - INFO - (FileUpload_Validation.java:83) - Test Info: - URL Hit
2022-03-05 18:06:22,999 - INFO - (VerifyLinks.java:22) - com.navigation_TestCase.NavigationTestCase - Perfect 200 and message *--*OK
2022-03-05 18:06:24,684 - INFO - (FileUpload_Validation.java:83) - Test Info: - URL Hit
2022-03-05 18:08:43,018 - INFO - (VerifyLinks.java:22) - com.navigation_TestCase.NavigationTestCase - Perfect 200 and message *--*OK
2022-03-05 18:08:44,731 - INFO - (FileUpload_Validation.java:83) - Test Info: - URL Hit
2022-03-05 18:11:50,059 - INFO - (VerifyLinks.java:22) - com.navigation_TestCase.NavigationTestCase - Perfect 200 and message *--*OK
2022-03-05 18:11:51,783 - INFO - (FileUpload_Validation.java:83) - Test Info: - URL Hit
2022-03-05 18:16:17,601 - INFO - (VerifyLinks.java:22) - com.navigation_TestCase.NavigationTestCase - Perfect 200 and message *--*OK
2022-03-05 18:16:19,786 - INFO - (FileUpload_Validation.java:85) - Test Info: - URL Hit
2022-03-05 18:19:42,410 - INFO - (VerifyLinks.java:22) - com.navigation_TestCase.NavigationTestCase - Perfect 200 and message *--*OK
2022-03-05 18:19:44,094 - INFO - (FileUpload_Validation.java:84) - Test Info: - URL Hit
2022-03-05 18:21:46,985 - INFO - (VerifyLinks.java:22) - com.navigation_TestCase.NavigationTestCase - Perfect 200 and message *--*OK
2022-03-05 18:21:48,693 - INFO - (FileUpload_Validation.java:84) - Test Info: - URL Hit
2022-03-05 18:22:57,259 - INFO - (VerifyLinks.java:22) - com.navigation_TestCase.NavigationTestCase - Perfect 200 and message *--*OK
2022-03-05 18:22:58,946 - INFO - (FileUpload_Validation.java:84) - Test Info: - URL Hit
2022-03-05 18:25:32,567 - INFO - (VerifyLinks.java:22) - com.navigation_TestCase.NavigationTestCase - Perfect 200 and message *--*OK
2022-03-05 18:25:34,311 - INFO - (FileUpload_Validation.java:84) - Test Info: - URL Hit
2022-03-05 18:28:55,133 - INFO - (VerifyLinks.java:22) - com.navigation_TestCase.NavigationTestCase - Perfect 200 and message *--*OK
2022-03-05 18:28:56,857 - INFO - (FileUpload_Validation.java:84) - Test Info: - URL Hit
2022-03-05 18:30:00,287 - INFO - (VerifyLinks.java:22) - com.navigation_TestCase.NavigationTestCase - Perfect 200 and message *--*OK
2022-03-05 18:30:01,960 - INFO - (FileUpload_Validation.java:84) - Test Info: - URL Hit
2022-03-05 18:31:11,399 - INFO - (VerifyLinks.java:22) - com.navigation_TestCase.NavigationTestCase - Perfect 200 and message *--*OK
2022-03-05 18:31:13,232 - INFO - (FileUpload_Validation.java:84) - Test Info: - URL Hit
2022-03-05 18:32:25,850 - INFO - (VerifyLinks.java:22) - com.navigation_TestCase.NavigationTestCase - Perfect 200 and message *--*OK
2022-03-05 18:32:27,304 - INFO - (FileUpload_Validation.java:84) - Test Info: - URL Hit
2022-03-05 18:33:39,135 - INFO - (VerifyLinks.java:22) - com.navigation_TestCase.NavigationTestCase - Perfect 200 and message *--*OK
2022-03-05 18:33:40,621 - INFO - (FileUpload_Validation.java:84) - Test Info: - URL Hit
2022-03-05 18:34:55,865 - INFO - (VerifyLinks.java:22) - com.navigation_TestCase.NavigationTestCase - Perfect 200 and message *--*OK
2022-03-05 18:34:57,511 - INFO - (FileUpload_Validation.java:84) - Test Info: - URL Hit
2022-03-05 18:36:19,796 - INFO - (VerifyLinks.java:22) - com.navigation_TestCase.NavigationTestCase - Perfect 200 and message *--*OK
2022-03-05 18:36:21,258 - INFO - (FileUpload_Validation.java:84) - Test Info: - URL Hit
2022-03-05 18:39:09,507 - INFO - (VerifyLinks.java:22) - com.navigation_TestCase.NavigationTestCase - Perfect 200 and message *--*OK
2022-03-05 18:39:11,209 - INFO - (FileUpload_Validation.java:84) - Test Info: - URL Hit
2022-03-05 18:42:20,623 - INFO - (VerifyLinks.java:22) - com.navigation_TestCase.NavigationTestCase - Perfect 200 and message *--*OK
2022-03-05 18:42:22,022 - INFO - (FileUpload_Validation.java:84) - Test Info: - URL Hit
2022-03-05 18:43:31,476 - INFO - (VerifyLinks.java:22) - com.navigation_TestCase.NavigationTestCase - Perfect 200 and message *--*OK
2022-03-05 18:43:33,124 - INFO - (FileUpload_Validation.java:84) - Test Info: - URL Hit
2022-03-05 18:50:30,303 - INFO - (VerifyLinks.java:22) - com.navigation_TestCase.NavigationTestCase - Perfect 200 and message *--*OK
2022-03-05 18:50:32,253 - INFO - (FileUpload_Validation.java:84) - Test Info: - URL Hit
2022-03-05 18:51:42,053 - INFO - (VerifyLinks.java:22) - com.navigation_TestCase.NavigationTestCase - Perfect 200 and message *--*OK
2022-03-05 18:51:43,718 - INFO - (FileUpload_Validation.java:84) - Test Info: - URL Hit
2022-03-05 18:56:55,653 - INFO - (VerifyLinks.java:22) - com.navigation_TestCase.NavigationTestCase - Perfect 200 and message *--*OK
2022-03-05 18:56:57,282 - INFO - (FileUpload_Validation.java:84) - Test Info: - URL Hit
2022-03-05 19:45:24,658 - INFO - (VerifyLinks.java:22) - com.navigation_TestCase.NavigationTestCase - Perfect 200 and message *--*OK
2022-03-05 19:45:27,436 - INFO - (FileUpload_Validation.java:84) - Test Info: - URL Hit
2022-03-05 19:47:42,976 - INFO - (VerifyLinks.java:22) - com.navigation_TestCase.NavigationTestCase - Perfect 200 and message *--*OK
2022-03-05 19:47:44,631 - INFO - (FileUpload_Validation.java:84) - Test Info: - URL Hit
2022-03-05 19:50:53,311 - INFO - (VerifyLinks.java:22) - com.navigation_TestCase.NavigationTestCase - Perfect 200 and message *--*OK
2022-03-05 19:50:55,123 - INFO - (FileUpload_Validation.java:84) - Test Info: - URL Hit
2022-03-05 19:52:34,572 - INFO - (VerifyLinks.java:22) - com.navigation_TestCase.NavigationTestCase - Perfect 200 and message *--*OK
2022-03-05 19:52:36,239 - INFO - (FileUpload_Validation.java:84) - Test Info: - URL Hit
2022-03-05 19:53:26,783 - INFO - (VerifyLinks.java:22) - com.navigation_TestCase.NavigationTestCase - Perfect 200 and message *--*OK
2022-03-05 19:53:28,687 - INFO - (FileUpload_Validation.java:84) - Test Info: - URL Hit
2022-03-05 19:55:28,644 - INFO - (VerifyLinks.java:22) - com.navigation_TestCase.NavigationTestCase - Perfect 200 and message *--*OK
2022-03-05 19:55:30,303 - INFO - (FileUpload_Validation.java:84) - Test Info: - URL Hit
2022-03-05 19:56:32,723 - INFO - (VerifyLinks.java:22) - com.navigation_TestCase.NavigationTestCase - Perfect 200 and message *--*OK
2022-03-05 19:56:36,043 - INFO - (FileUpload_Validation.java:84) - Test Info: - URL Hit
2022-03-05 20:29:35,044 - INFO - (VerifyLinks.java:22) - com.navigation_TestCase.NavigationTestCase - Perfect 200 and message *--*OK
2022-03-05 20:29:39,634 - INFO - (FileUpload_Validation.java:84) - Test Info: - URL Hit
2022-03-05 20:33:01,859 - INFO - (VerifyLinks.java:22) - com.navigation_TestCase.NavigationTestCase - Perfect 200 and message *--*OK
2022-03-05 20:33:03,949 - INFO - (FileUpload_Validation.java:84) - Test Info: - URL Hit
2022-03-05 20:37:34,488 - INFO - (VerifyLinks.java:22) - com.navigation_TestCase.NavigationTestCase - Perfect 200 and message *--*OK
2022-03-05 20:37:36,165 - INFO - (FileUpload_Validation.java:84) - Test Info: - URL Hit
2022-03-05 20:39:04,114 - INFO - (VerifyLinks.java:22) - com.navigation_TestCase.NavigationTestCase - Perfect 200 and message *--*OK
2022-03-05 20:39:05,851 - INFO - (FileUpload_Validation.java:84) - Test Info: - URL Hit
2022-03-05 20:42:34,561 - INFO - (VerifyLinks.java:22) - com.navigation_TestCase.NavigationTestCase - Perfect 200 and message *--*OK
2022-03-05 20:42:36,259 - INFO - (FileUpload_Validation.java:84) - Test Info: - URL Hit
2022-03-05 20:46:28,388 - INFO - (VerifyLinks.java:22) - com.navigation_TestCase.NavigationTestCase - Perfect 200 and message *--*OK
2022-03-05 20:46:30,391 - INFO - (FileUpload_Validation.java:84) - Test Info: - URL Hit
2022-03-05 20:48:47,668 - INFO - (VerifyLinks.java:22) - com.navigation_TestCase.NavigationTestCase - Perfect 200 and message *--*OK
2022-03-05 20:48:49,101 - INFO - (FileUpload_Validation.java:84) - Test Info: - URL Hit
2022-03-05 20:52:51,364 - INFO - (VerifyLinks.java:22) - com.navigation_TestCase.NavigationTestCase - Perfect 200 and message *--*OK
2022-03-05 20:52:53,024 - INFO - (FileUpload_Validation.java:84) - Test Info: - URL Hit
2022-03-05 20:53:46,202 - INFO - (VerifyLinks.java:22) - com.navigation_TestCase.NavigationTestCase - Perfect 200 and message *--*OK
2022-03-05 20:53:48,085 - INFO - (FileUpload_Validation.java:84) - Test Info: - URL Hit
2022-03-05 21:24:33,374 - INFO - (VerifyLinks.java:22) - com.navigation_TestCase.NavigationTestCase - Perfect 200 and message *--*OK
2022-03-05 21:24:35,317 - INFO - (FileUpload_Validation.java:84) - Test Info: - URL Hit
2022-03-05 21:38:42,326 - INFO - (VerifyLinks.java:22) - com.navigation_TestCase.NavigationTestCase - Perfect 200 and message *--*OK
2022-03-05 21:38:45,028 - INFO - (FileUpload_Validation.java:84) - Test Info: - URL Hit
2022-03-05 21:43:24,521 - INFO - (VerifyLinks.java:22) - com.navigation_TestCase.NavigationTestCase - Perfect 200 and message *--*OK
2022-03-05 21:43:26,395 - INFO - (FileUpload_Validation.java:84) - Test Info: - URL Hit
2022-03-05 21:45:04,264 - INFO - (VerifyLinks.java:22) - com.navigation_TestCase.NavigationTestCase - Perfect 200 and message *--*OK
2022-03-05 21:45:05,895 - INFO - (FileUpload_Validation.java:84) - Test Info: - URL Hit
2022-03-05 21:48:19,735 - INFO - (VerifyLinks.java:22) - com.navigation_TestCase.NavigationTestCase - Perfect 200 and message *--*OK
2022-03-05 21:48:21,171 - INFO - (FileUpload_Validation.java:84) - Test Info: - URL Hit
2022-03-05 21:51:23,758 - INFO - (VerifyLinks.java:22) - com.navigation_TestCase.NavigationTestCase - Perfect 200 and message *--*OK
2022-03-05 21:51:25,421 - INFO - (FileUpload_Validation.java:84) - Test Info: - URL Hit
2022-03-05 21:56:01,536 - INFO - (VerifyLinks.java:22) - com.navigation_TestCase.NavigationTestCase - Perfect 200 and message *--*OK
2022-03-05 21:56:03,260 - INFO - (FileUpload_Validation.java:84) - Test Info: - URL Hit
2022-03-05 21:57:43,834 - INFO - (VerifyLinks.java:22) - com.navigation_TestCase.NavigationTestCase - Perfect 200 and message *--*OK
2022-03-05 21:57:45,421 - INFO - (FileUpload_Validation.java:84) - Test Info: - URL Hit
2022-03-05 21:59:24,527 - INFO - (VerifyLinks.java:22) - com.navigation_TestCase.NavigationTestCase - Perfect 200 and message *--*OK
2022-03-05 21:59:26,490 - INFO - (FileUpload_Validation.java:84) - Test Info: - URL Hit
2022-03-05 22:01:54,840 - INFO - (VerifyLinks.java:22) - com.navigation_TestCase.NavigationTestCase - Perfect 200 and message *--*OK
2022-03-05 22:01:56,538 - INFO - (FileUpload_Validation.java:84) - Test Info: - URL Hit
2022-03-05 22:03:37,461 - INFO - (VerifyLinks.java:22) - com.navigation_TestCase.NavigationTestCase - Perfect 200 and message *--*OK
2022-03-05 22:03:39,167 - INFO - (FileUpload_Validation.java:84) - Test Info: - URL Hit
2022-03-05 22:05:41,987 - INFO - (VerifyLinks.java:22) - com.navigation_TestCase.NavigationTestCase - Perfect 200 and message *--*OK
2022-03-05 22:05:43,732 - INFO - (FileUpload_Validation.java:84) - Test Info: - URL Hit
2022-03-05 22:07:25,322 - INFO - (VerifyLinks.java:22) - com.navigation_TestCase.NavigationTestCase - Perfect 200 and message *--*OK
2022-03-05 22:07:26,983 - INFO - (FileUpload_Validation.java:84) - Test Info: - URL Hit
2022-03-05 22:07:52,870 - INFO - (VerifyLinks.java:22) - com.navigation_TestCase.NavigationTestCase - Perfect 200 and message *--*OK
2022-03-05 22:07:52,877 - INFO - (FileUpload_Validation.java:89) - Test Info: - Ended with error  Session ID is null. Using WebDriver after calling quit()?
Build info: version: '3.141.59', revision: 'e82be7d358', time: '2018-11-14T08:17:03'
System info: host: 'CCU-SABOSE', ip: '10.22.46.131', os.name: 'Windows 10', os.arch: 'amd64', os.version: '10.0', java.version: '11.0.10'
Driver info: driver.version: RemoteWebDriver
2022-03-05 22:10:25,940 - INFO - (VerifyLinks.java:22) - com.navigation_TestCase.NavigationTestCase - Perfect 200 and message *--*OK
2022-03-05 22:10:27,575 - INFO - (FileUpload_Validation.java:85) - Test Info: - URL Hit
2022-03-05 22:11:56,342 - INFO - (VerifyLinks.java:22) - com.navigation_TestCase.NavigationTestCase - Perfect 200 and message *--*OK
2022-03-05 22:11:58,018 - INFO - (FileUpload_Validation.java:86) - Test Info: - URL Hit
2022-03-05 22:12:40,118 - INFO - (VerifyLinks.java:22) - com.navigation_TestCase.NavigationTestCase - Perfect 200 and message *--*OK
2022-03-05 22:12:40,125 - INFO - (FileUpload_Validation.java:91) - Test Info: - Ended with error  Session ID is null. Using WebDriver after calling quit()?
Build info: version: '3.141.59', revision: 'e82be7d358', time: '2018-11-14T08:17:03'
System info: host: 'CCU-SABOSE', ip: '10.22.46.131', os.name: 'Windows 10', os.arch: 'amd64', os.version: '10.0', java.version: '11.0.10'
Driver info: driver.version: RemoteWebDriver
2022-03-05 22:23:00,104 - INFO - (VerifyLinks.java:22) - com.navigation_TestCase.NavigationTestCase - Perfect 200 and message *--*OK
2022-03-05 22:23:02,126 - INFO - (FileUpload_Validation.java:86) - Test Info: - URL Hit
2022-03-05 22:23:42,887 - INFO - (VerifyLinks.java:22) - com.navigation_TestCase.NavigationTestCase - Perfect 200 and message *--*OK
2022-03-05 22:23:42,896 - INFO - (FileUpload_Validation.java:91) - Test Info: - Ended with error  Session ID is null. Using WebDriver after calling quit()?
Build info: version: '3.141.59', revision: 'e82be7d358', time: '2018-11-14T08:17:03'
System info: host: 'CCU-SABOSE', ip: '10.22.46.131', os.name: 'Windows 10', os.arch: 'amd64', os.version: '10.0', java.version: '11.0.10'
Driver info: driver.version: RemoteWebDriver
2022-03-05 22:25:58,590 - INFO - (VerifyLinks.java:22) - com.navigation_TestCase.NavigationTestCase - Perfect 200 and message *--*OK
2022-03-05 22:26:00,010 - INFO - (FileUpload_Validation.java:86) - Test Info: - URL Hit
2022-03-05 22:26:40,831 - INFO - (VerifyLinks.java:22) - com.navigation_TestCase.NavigationTestCase - Perfect 200 and message *--*OK
2022-03-05 22:26:40,839 - INFO - (FileUpload_Validation.java:91) - Test Info: - Ended with error  Session ID is null. Using WebDriver after calling quit()?
Build info: version: '3.141.59', revision: 'e82be7d358', time: '2018-11-14T08:17:03'
System info: host: 'CCU-SABOSE', ip: '10.22.46.131', os.name: 'Windows 10', os.arch: 'amd64', os.version: '10.0', java.version: '11.0.10'
Driver info: driver.version: RemoteWebDriver
2022-03-05 22:29:36,201 - INFO - (VerifyLinks.java:22) - com.navigation_TestCase.NavigationTestCase - Perfect 200 and message *--*OK
2022-03-05 22:29:37,603 - INFO - (FileUpload_Validation.java:86) - Test Info: - URL Hit
2022-03-05 22:30:02,203 - INFO - (VerifyLinks.java:22) - com.navigation_TestCase.NavigationTestCase - Perfect 200 and message *--*OK
2022-03-05 22:30:02,214 - INFO - (FileUpload_Validation.java:91) - Test Info: - Ended with error  Session ID is null. Using WebDriver after calling quit()?
Build info: version: '3.141.59', revision: 'e82be7d358', time: '2018-11-14T08:17:03'
System info: host: 'CCU-SABOSE', ip: '10.22.46.131', os.name: 'Windows 10', os.arch: 'amd64', os.version: '10.0', java.version: '11.0.10'
Driver info: driver.version: RemoteWebDriver
2022-03-05 23:43:06,705 - INFO - (VerifyLinks.java:22) - com.navigation_TestCase.NavigationTestCase - Perfect 200 and message *--*OK
2022-03-05 23:43:10,167 - INFO - (FileUpload_Validation.java:86) - Test Info: - URL Hit
2022-03-05 23:43:51,125 - INFO - (VerifyLinks.java:22) - com.navigation_TestCase.NavigationTestCase - Perfect 200 and message *--*OK
2022-03-05 23:46:07,043 - INFO - (VerifyLinks.java:22) - com.navigation_TestCase.NavigationTestCase - Perfect 200 and message *--*OK
2022-03-05 23:46:09,630 - INFO - (FileUpload_Validation.java:86) - Test Info: - URL Hit
2022-03-05 23:46:51,807 - INFO - (VerifyLinks.java:22) - com.navigation_TestCase.NavigationTestCase - Perfect 200 and message *--*OK
2022-03-05 23:49:24,077 - INFO - (VerifyLinks.java:22) - com.navigation_TestCase.NavigationTestCase - Perfect 200 and message *--*OK
2022-03-05 23:49:26,026 - INFO - (FileUpload_Validation.java:86) - Test Info: - URL Hit
2022-03-05 23:49:54,103 - INFO - (VerifyLinks.java:22) - com.navigation_TestCase.NavigationTestCase - Perfect 200 and message *--*OK
2022-03-05 23:54:08,012 - INFO - (VerifyLinks.java:22) - com.navigation_TestCase.NavigationTestCase - Perfect 200 and message *--*OK
2022-03-05 23:54:10,084 - INFO - (FileUpload_Validation.java:86) - Test Info: - URL Hit
2022-03-05 23:54:39,343 - INFO - (VerifyLinks.java:22) - com.navigation_TestCase.NavigationTestCase - Perfect 200 and message *--*OK
